2025-09-02 09:59:25 ERROR victurus.errors: Error in Loading game: name 'Qt' is not defined
Traceback (most recent call last):
  File "C:\Users\dusti\Documents\Victurus\ui\menus\file_menu.py", line 300, in _on_load
    dlg.setWindowState(dlg.windowState() & ~Qt.WindowState.WindowMinimized | Qt.WindowState.WindowActive)
                                            ^^
NameError: name 'Qt' is not defined
2025-09-02 10:07:46 CRITICAL victurus.errors: Uncaught exception
Traceback (most recent call last):
  File "C:\Users\dusti\Documents\Victurus\ui\maps\galaxy_leadline.py", line 309, in refresh
    if callable(inside) and not inside():
                                ~~~~~~^^
  File "C:\Users\dusti\Documents\Victurus\ui\widgets\galaxy_system_list.py", line 585, in cursor_inside_viewport
    vp = self.tree.viewport()
RuntimeError: Internal C++ object (PySide6.QtWidgets.QTreeWidget) already deleted.
2025-09-02 10:07:46 CRITICAL victurus.errors: Uncaught exception
Traceback (most recent call last):
  File "C:\Users\dusti\Documents\Victurus\ui\maps\galaxy_leadline.py", line 309, in refresh
    if callable(inside) and not inside():
                                ~~~~~~^^
  File "C:\Users\dusti\Documents\Victurus\ui\widgets\galaxy_system_list.py", line 585, in cursor_inside_viewport
    vp = self.tree.viewport()
RuntimeError: Internal C++ object (PySide6.QtWidgets.QTreeWidget) already deleted.
2025-09-02 10:07:52 CRITICAL victurus.errors: Uncaught exception
Traceback (most recent call last):
  File "C:\Users\dusti\Documents\Victurus\ui\dialogs\error_reporter_dialog.py", line 244, in <lambda>
    QTimer.singleShot(2000, lambda: self.copy_error_btn.setText("Copy Error Only"))
                                    ~~~~~~~~~~~~~~~~~~~~~~~~~~~^^^^^^^^^^^^^^^^^^^
RuntimeError: Internal C++ object (PySide6.QtWidgets.QPushButton) already deleted.
2025-09-02 10:08:21 CRITICAL victurus.errors: Uncaught exception
Traceback (most recent call last):
  File "C:\Users\dusti\Documents\Victurus\ui\maps\galaxy_leadline.py", line 309, in refresh
    if callable(inside) and not inside():
                                ~~~~~~^^
  File "C:\Users\dusti\Documents\Victurus\ui\widgets\galaxy_system_list.py", line 585, in cursor_inside_viewport
    vp = self.tree.viewport()
RuntimeError: Internal C++ object (PySide6.QtWidgets.QTreeWidget) already deleted.
2025-09-02 10:08:21 CRITICAL victurus.errors: Uncaught exception
Traceback (most recent call last):
  File "C:\Users\dusti\Documents\Victurus\ui\maps\galaxy_leadline.py", line 309, in refresh
    if callable(inside) and not inside():
                                ~~~~~~^^
  File "C:\Users\dusti\Documents\Victurus\ui\widgets\galaxy_system_list.py", line 585, in cursor_inside_viewport
    vp = self.tree.viewport()
RuntimeError: Internal C++ object (PySide6.QtWidgets.QTreeWidget) already deleted.
2025-09-02 10:09:00 CRITICAL victurus.errors: Uncaught exception
Traceback (most recent call last):
  File "C:\Users\dusti\Documents\Victurus\ui\maps\galaxy_leadline.py", line 309, in refresh
    if callable(inside) and not inside():
                                ~~~~~~^^
  File "C:\Users\dusti\Documents\Victurus\ui\widgets\galaxy_system_list.py", line 585, in cursor_inside_viewport
    vp = self.tree.viewport()
RuntimeError: Internal C++ object (PySide6.QtWidgets.QTreeWidget) already deleted.
2025-09-02 10:09:00 CRITICAL victurus.errors: Uncaught exception
Traceback (most recent call last):
  File "C:\Users\dusti\Documents\Victurus\ui\maps\galaxy_leadline.py", line 309, in refresh
    if callable(inside) and not inside():
                                ~~~~~~^^
  File "C:\Users\dusti\Documents\Victurus\ui\widgets\galaxy_system_list.py", line 585, in cursor_inside_viewport
    vp = self.tree.viewport()
RuntimeError: Internal C++ object (PySide6.QtWidgets.QTreeWidget) already deleted.
2025-09-02 10:12:33 CRITICAL victurus.errors: Uncaught exception
Traceback (most recent call last):
  File "C:\Users\dusti\Documents\Victurus\ui\maps\galaxy_leadline.py", line 309, in refresh
    if callable(inside) and not inside():
                                ~~~~~~^^
  File "C:\Users\dusti\Documents\Victurus\ui\widgets\galaxy_system_list.py", line 585, in cursor_inside_viewport
    vp = self.tree.viewport()
RuntimeError: Internal C++ object (PySide6.QtWidgets.QTreeWidget) already deleted.
2025-09-02 10:12:33 CRITICAL victurus.errors: Uncaught exception
Traceback (most recent call last):
  File "C:\Users\dusti\Documents\Victurus\ui\maps\galaxy_leadline.py", line 309, in refresh
    if callable(inside) and not inside():
                                ~~~~~~^^
  File "C:\Users\dusti\Documents\Victurus\ui\widgets\galaxy_system_list.py", line 585, in cursor_inside_viewport
    vp = self.tree.viewport()
RuntimeError: Internal C++ object (PySide6.QtWidgets.QTreeWidget) already deleted.
2025-09-02 10:45:45 CRITICAL victurus.errors: Uncaught exception
Traceback (most recent call last):
  File "C:\Users\dusti\Documents\Victurus\ui\menus\view_menu.py", line 302, in _fn
    sync_panels_menu_state(win)
    ~~~~~~~~~~~~~~~~~~~~~~^^^^^
  File "C:\Users\dusti\Documents\Victurus\ui\menus\view_menu.py", line 109, in sync_panels_menu_state
    act.setChecked(_checked_visible(panel))
                   ~~~~~~~~~~~~~~~~^^^^^^^
  File "C:\Users\dusti\Documents\Victurus\ui\menus\view_menu.py", line 60, in _checked_visible
    return bool(w and w.isVisible())
                      ~~~~~~~~~~~^^
RuntimeError: Internal C++ object (GalaxySystemList) already deleted.
