2025-09-02 22:38:31 INFO system.startup: Victurus logging system initialized
2025-09-02 22:38:31 DEBUG system.database: Player table columns: ['id', 'name', 'current_wallet_credits', 'current_player_system_id', 'current_player_ship_id', 'current_player_ship_fuel', 'current_player_ship_hull', 'current_player_ship_shield', 'current_player_ship_energy', 'current_player_ship_cargo', 'current_player_location_id', 'current_location_status', 'custom_ship_name', 'docked_bay']
2025-09-02 22:38:31 DEBUG system.database: docked_bay column already exists
2025-09-02 22:39:28 INFO system.save_manager: Loaded UI state from global config (MainWindow) at: C:\Users\dusti\Documents\Victurus_game\Config\ui_state.json
2025-09-02 22:39:28 DEBUG system.save_manager: Global MainWindow UI state keys: ['central_splitter_sizes', 'dock_layout', 'dock_order', 'dock_visibility', 'galaxy_category_index', 'galaxy_col_widths', 'galaxy_leader_color', 'galaxy_leader_glow', 'galaxy_leader_width', 'galaxy_list_visible', 'galaxy_search', 'galaxy_sort_text', 'main_geometry', 'main_state_b64', 'map_tab_index', 'open', 'system_category_index', 'system_col_widths', 'system_leader_color', 'system_leader_glow', 'system_leader_width', 'system_list_visible', 'system_search', 'system_sort_text']
2025-09-02 22:42:43 INFO system.startup: Victurus logging system initialized
2025-09-02 22:42:44 DEBUG system.database: Player table columns: ['id', 'name', 'current_wallet_credits', 'current_player_system_id', 'current_player_ship_id', 'current_player_ship_fuel', 'current_player_ship_hull', 'current_player_ship_shield', 'current_player_ship_energy', 'current_player_ship_cargo', 'current_player_location_id', 'current_location_status', 'custom_ship_name', 'docked_bay']
2025-09-02 22:42:44 DEBUG system.database: docked_bay column already exists
2025-09-02 22:43:11 INFO system.save_manager: Loaded UI state from global config (MainWindow) at: C:\Users\dusti\Documents\Victurus_game\Config\ui_state.json
2025-09-02 22:43:11 DEBUG system.save_manager: Global MainWindow UI state keys: ['central_splitter_sizes', 'dock_layout', 'dock_order', 'dock_visibility', 'galaxy_category_index', 'galaxy_col_widths', 'galaxy_leader_color', 'galaxy_leader_glow', 'galaxy_leader_width', 'galaxy_list_visible', 'galaxy_search', 'galaxy_sort_text', 'main_geometry', 'main_state_b64', 'map_tab_index', 'open', 'system_category_index', 'system_col_widths', 'system_leader_color', 'system_leader_glow', 'system_leader_width', 'system_list_visible', 'system_search', 'system_sort_text']
2025-09-02 22:48:01 INFO system.startup: Victurus logging system initialized
2025-09-02 22:48:01 DEBUG system.database: Player table columns: ['id', 'name', 'current_wallet_credits', 'current_player_system_id', 'current_player_ship_id', 'current_player_ship_fuel', 'current_player_ship_hull', 'current_player_ship_shield', 'current_player_ship_energy', 'current_player_ship_cargo', 'current_player_location_id', 'current_location_status', 'custom_ship_name', 'docked_bay']
2025-09-02 22:48:01 DEBUG system.database: docked_bay column already exists
2025-09-02 22:49:54 INFO system.save_manager: Loaded UI state from global config (MainWindow) at: C:\Users\dusti\Documents\Victurus_game\Config\ui_state.json
2025-09-02 22:49:54 DEBUG system.save_manager: Global MainWindow UI state keys: ['central_splitter_sizes', 'dock_layout', 'dock_order', 'dock_visibility', 'galaxy_category_index', 'galaxy_col_widths', 'galaxy_leader_color', 'galaxy_leader_glow', 'galaxy_leader_width', 'galaxy_list_visible', 'galaxy_search', 'galaxy_sort_text', 'main_geometry', 'main_state_b64', 'map_tab_index', 'open', 'system_category_index', 'system_col_widths', 'system_leader_color', 'system_leader_glow', 'system_leader_width', 'system_list_visible', 'system_search', 'system_sort_text']
2025-09-02 22:52:15 INFO system.startup: Victurus logging system initialized
2025-09-02 22:52:15 DEBUG system.database: Player table columns: ['id', 'name', 'current_wallet_credits', 'current_player_system_id', 'current_player_ship_id', 'current_player_ship_fuel', 'current_player_ship_hull', 'current_player_ship_shield', 'current_player_ship_energy', 'current_player_ship_cargo', 'current_player_location_id', 'current_location_status', 'custom_ship_name', 'docked_bay']
2025-09-02 22:52:15 DEBUG system.database: docked_bay column already exists
2025-09-02 22:55:58 INFO system.startup: Victurus logging system initialized
2025-09-02 22:55:58 DEBUG system.database: Player table columns: ['id', 'name', 'current_wallet_credits', 'current_player_system_id', 'current_player_ship_id', 'current_player_ship_fuel', 'current_player_ship_hull', 'current_player_ship_shield', 'current_player_ship_energy', 'current_player_ship_cargo', 'current_player_location_id', 'current_location_status', 'custom_ship_name', 'docked_bay']
2025-09-02 22:55:58 DEBUG system.database: docked_bay column already exists
2025-09-02 22:58:01 INFO system.save_manager: Loaded UI state from global config (MainWindow) at: C:\Users\dusti\Documents\Victurus_game\Config\ui_state.json
2025-09-02 22:58:01 DEBUG system.save_manager: Global MainWindow UI state keys: ['central_splitter_sizes', 'dock_layout', 'dock_order', 'dock_visibility', 'galaxy_category_index', 'galaxy_col_widths', 'galaxy_leader_color', 'galaxy_leader_glow', 'galaxy_leader_width', 'galaxy_list_visible', 'galaxy_search', 'galaxy_sort_text', 'main_geometry', 'main_state_b64', 'map_tab_index', 'open', 'system_category_index', 'system_col_widths', 'system_leader_color', 'system_leader_glow', 'system_leader_width', 'system_list_visible', 'system_search', 'system_sort_text']
2025-09-02 23:05:32 INFO system.startup: Victurus logging system initialized
2025-09-02 23:05:32 DEBUG system.database: Player table columns: ['id', 'name', 'current_wallet_credits', 'current_player_system_id', 'current_player_ship_id', 'current_player_ship_fuel', 'current_player_ship_hull', 'current_player_ship_shield', 'current_player_ship_energy', 'current_player_ship_cargo', 'current_player_location_id', 'current_location_status', 'custom_ship_name', 'docked_bay']
2025-09-02 23:05:32 DEBUG system.database: docked_bay column already exists
2025-09-02 23:09:57 INFO system.save_manager: Loaded UI state from global config (MainWindow) at: C:\Users\dusti\Documents\Victurus_game\Config\ui_state.json
2025-09-02 23:09:57 DEBUG system.save_manager: Global MainWindow UI state keys: ['central_splitter_sizes', 'dock_layout', 'dock_order', 'dock_visibility', 'galaxy_category_index', 'galaxy_col_widths', 'galaxy_leader_color', 'galaxy_leader_glow', 'galaxy_leader_width', 'galaxy_list_visible', 'galaxy_search', 'galaxy_sort_text', 'main_geometry', 'main_state_b64', 'map_tab_index', 'open', 'system_category_index', 'system_col_widths', 'system_leader_color', 'system_leader_glow', 'system_leader_width', 'system_list_visible', 'system_search', 'system_sort_text']
2025-09-02 23:10:27 INFO system.startup: Victurus logging system initialized
2025-09-02 23:10:27 DEBUG system.database: Player table columns: ['id', 'name', 'current_wallet_credits', 'current_player_system_id', 'current_player_ship_id', 'current_player_ship_fuel', 'current_player_ship_hull', 'current_player_ship_shield', 'current_player_ship_energy', 'current_player_ship_cargo', 'current_player_location_id', 'current_location_status', 'custom_ship_name', 'docked_bay']
2025-09-02 23:10:27 DEBUG system.database: docked_bay column already exists
2025-09-02 23:10:30 INFO system.save_manager: Loaded UI state from global config (MainWindow) at: C:\Users\dusti\Documents\Victurus_game\Config\ui_state.json
2025-09-02 23:10:30 DEBUG system.save_manager: Global MainWindow UI state keys: ['central_splitter_sizes', 'dock_layout', 'dock_order', 'dock_visibility', 'galaxy_category_index', 'galaxy_col_widths', 'galaxy_leader_color', 'galaxy_leader_glow', 'galaxy_leader_width', 'galaxy_list_visible', 'galaxy_search', 'galaxy_sort_text', 'main_geometry', 'main_state_b64', 'map_tab_index', 'open', 'system_category_index', 'system_col_widths', 'system_leader_color', 'system_leader_glow', 'system_leader_width', 'system_list_visible', 'system_search', 'system_sort_text']
2025-09-02 23:14:00 INFO system.startup: Victurus logging system initialized
2025-09-02 23:14:00 DEBUG system.database: Player table columns: ['id', 'name', 'current_wallet_credits', 'current_player_system_id', 'current_player_ship_id', 'current_player_ship_fuel', 'current_player_ship_hull', 'current_player_ship_shield', 'current_player_ship_energy', 'current_player_ship_cargo', 'current_player_location_id', 'current_location_status', 'custom_ship_name', 'docked_bay']
2025-09-02 23:14:00 DEBUG system.database: docked_bay column already exists
2025-09-02 23:21:34 INFO system.save_manager: Loaded UI state from global config (MainWindow) at: C:\Users\dusti\Documents\Victurus_game\Config\ui_state.json
2025-09-02 23:21:34 DEBUG system.save_manager: Global MainWindow UI state keys: ['central_splitter_sizes', 'dock_layout', 'dock_order', 'dock_visibility', 'galaxy_category_index', 'galaxy_col_widths', 'galaxy_leader_color', 'galaxy_leader_glow', 'galaxy_leader_width', 'galaxy_list_visible', 'galaxy_search', 'galaxy_sort_text', 'main_geometry', 'main_state_b64', 'map_tab_index', 'open', 'system_category_index', 'system_col_widths', 'system_leader_color', 'system_leader_glow', 'system_leader_width', 'system_list_visible', 'system_search', 'system_sort_text']
2025-09-02 23:22:18 INFO system.startup: Victurus logging system initialized
2025-09-02 23:22:18 DEBUG system.database: Player table columns: ['id', 'name', 'current_wallet_credits', 'current_player_system_id', 'current_player_ship_id', 'current_player_ship_fuel', 'current_player_ship_hull', 'current_player_ship_shield', 'current_player_ship_energy', 'current_player_ship_cargo', 'current_player_location_id', 'current_location_status', 'custom_ship_name', 'docked_bay']
2025-09-02 23:22:18 DEBUG system.database: docked_bay column already exists
2025-09-02 23:22:31 INFO system.save_manager: Loaded UI state from global config (MainWindow) at: C:\Users\dusti\Documents\Victurus_game\Config\ui_state.json
2025-09-02 23:22:31 DEBUG system.save_manager: Global MainWindow UI state keys: ['central_splitter_sizes', 'dock_layout', 'dock_order', 'dock_visibility', 'galaxy_category_index', 'galaxy_col_widths', 'galaxy_leader_color', 'galaxy_leader_glow', 'galaxy_leader_width', 'galaxy_list_visible', 'galaxy_search', 'galaxy_sort_text', 'main_geometry', 'main_state_b64', 'map_tab_index', 'open', 'system_category_index', 'system_col_widths', 'system_leader_color', 'system_leader_glow', 'system_leader_width', 'system_list_visible', 'system_search', 'system_sort_text']
2025-09-02 23:23:09 INFO system.startup: Victurus logging system initialized
2025-09-02 23:23:09 DEBUG system.database: Player table columns: ['id', 'name', 'current_wallet_credits', 'current_player_system_id', 'current_player_ship_id', 'current_player_ship_fuel', 'current_player_ship_hull', 'current_player_ship_shield', 'current_player_ship_energy', 'current_player_ship_cargo', 'current_player_location_id', 'current_location_status', 'custom_ship_name', 'docked_bay']
2025-09-02 23:23:09 DEBUG system.database: docked_bay column already exists
2025-09-02 23:23:13 INFO system.save_manager: Loaded UI state from global config (MainWindow) at: C:\Users\dusti\Documents\Victurus_game\Config\ui_state.json
2025-09-02 23:23:13 DEBUG system.save_manager: Global MainWindow UI state keys: ['central_splitter_sizes', 'dock_layout', 'dock_order', 'dock_visibility', 'galaxy_category_index', 'galaxy_col_widths', 'galaxy_leader_color', 'galaxy_leader_glow', 'galaxy_leader_width', 'galaxy_list_visible', 'galaxy_search', 'galaxy_sort_text', 'main_geometry', 'main_state_b64', 'map_tab_index', 'open', 'system_category_index', 'system_col_widths', 'system_leader_color', 'system_leader_glow', 'system_leader_width', 'system_list_visible', 'system_search', 'system_sort_text']
2025-09-02 23:31:07 INFO system.startup: Victurus logging system initialized
2025-09-02 23:31:07 DEBUG system.database: Player table columns: ['id', 'name', 'current_wallet_credits', 'current_player_system_id', 'current_player_ship_id', 'current_player_ship_fuel', 'current_player_ship_hull', 'current_player_ship_shield', 'current_player_ship_energy', 'current_player_ship_cargo', 'current_player_location_id', 'current_location_status', 'custom_ship_name', 'docked_bay']
2025-09-02 23:31:07 DEBUG system.database: docked_bay column already exists
2025-09-02 23:31:32 INFO system.save_manager: Loaded UI state from global config (MainWindow) at: C:\Users\dusti\Documents\Victurus_game\Config\ui_state.json
2025-09-02 23:31:32 DEBUG system.save_manager: Global MainWindow UI state keys: ['central_splitter_sizes', 'dock_layout', 'dock_order', 'dock_visibility', 'galaxy_category_index', 'galaxy_col_widths', 'galaxy_leader_color', 'galaxy_leader_glow', 'galaxy_leader_width', 'galaxy_list_visible', 'galaxy_search', 'galaxy_sort_text', 'main_geometry', 'main_state_b64', 'map_tab_index', 'open', 'system_category_index', 'system_col_widths', 'system_leader_color', 'system_leader_glow', 'system_leader_width', 'system_list_visible', 'system_search', 'system_sort_text']
2025-09-02 23:34:00 INFO system.startup: Victurus logging system initialized
2025-09-02 23:34:00 DEBUG system.database: Player table columns: ['id', 'name', 'current_wallet_credits', 'current_player_system_id', 'current_player_ship_id', 'current_player_ship_fuel', 'current_player_ship_hull', 'current_player_ship_shield', 'current_player_ship_energy', 'current_player_ship_cargo', 'current_player_location_id', 'current_location_status', 'custom_ship_name', 'docked_bay']
2025-09-02 23:34:00 DEBUG system.database: docked_bay column already exists
2025-09-02 23:38:12 INFO system.save_manager: Loaded UI state from global config (MainWindow) at: C:\Users\dusti\Documents\Victurus_game\Config\ui_state.json
2025-09-02 23:38:12 DEBUG system.save_manager: Global MainWindow UI state keys: ['central_splitter_sizes', 'dock_layout', 'dock_order', 'dock_visibility', 'galaxy_category_index', 'galaxy_col_widths', 'galaxy_leader_color', 'galaxy_leader_glow', 'galaxy_leader_width', 'galaxy_list_visible', 'galaxy_search', 'galaxy_sort_text', 'main_geometry', 'main_state_b64', 'map_tab_index', 'open', 'system_category_index', 'system_col_widths', 'system_leader_color', 'system_leader_glow', 'system_leader_width', 'system_list_visible', 'system_search', 'system_sort_text']
2025-09-02 23:47:44 INFO system.startup: Victurus logging system initialized
2025-09-02 23:47:44 DEBUG system.database: Player table columns: ['id', 'name', 'current_wallet_credits', 'current_player_system_id', 'current_player_ship_id', 'current_player_ship_fuel', 'current_player_ship_hull', 'current_player_ship_shield', 'current_player_ship_energy', 'current_player_ship_cargo', 'current_player_location_id', 'current_location_status', 'custom_ship_name', 'docked_bay']
2025-09-02 23:47:44 DEBUG system.database: docked_bay column already exists
2025-09-02 23:47:47 INFO system.save_manager: Loaded UI state from global config (MainWindow) at: C:\Users\dusti\Documents\Victurus_game\Config\ui_state.json
2025-09-02 23:47:47 DEBUG system.save_manager: Global MainWindow UI state keys: ['central_splitter_sizes', 'dock_layout', 'dock_order', 'dock_visibility', 'galaxy_category_index', 'galaxy_col_widths', 'galaxy_leader_color', 'galaxy_leader_glow', 'galaxy_leader_width', 'galaxy_list_visible', 'galaxy_search', 'galaxy_sort_text', 'main_geometry', 'main_state_b64', 'map_tab_index', 'open', 'system_category_index', 'system_col_widths', 'system_leader_color', 'system_leader_glow', 'system_leader_width', 'system_list_visible', 'system_search', 'system_sort_text']
2025-09-02 23:50:59 INFO system.startup: Victurus logging system initialized
2025-09-02 23:50:59 DEBUG system.database: Player table columns: ['id', 'name', 'current_wallet_credits', 'current_player_system_id', 'current_player_ship_id', 'current_player_ship_fuel', 'current_player_ship_hull', 'current_player_ship_shield', 'current_player_ship_energy', 'current_player_ship_cargo', 'current_player_location_id', 'current_location_status', 'custom_ship_name', 'docked_bay']
2025-09-02 23:50:59 DEBUG system.database: docked_bay column already exists
2025-09-02 23:51:07 INFO system.save_manager: Loaded UI state from global config (MainWindow) at: C:\Users\dusti\Documents\Victurus_game\Config\ui_state.json
2025-09-02 23:51:07 DEBUG system.save_manager: Global MainWindow UI state keys: ['central_splitter_sizes', 'dock_layout', 'dock_order', 'dock_visibility', 'galaxy_category_index', 'galaxy_col_widths', 'galaxy_leader_color', 'galaxy_leader_glow', 'galaxy_leader_width', 'galaxy_list_visible', 'galaxy_search', 'galaxy_sort_text', 'main_geometry', 'main_state_b64', 'map_tab_index', 'open', 'system_category_index', 'system_col_widths', 'system_leader_color', 'system_leader_glow', 'system_leader_width', 'system_list_visible', 'system_search', 'system_sort_text']
2025-09-02 23:56:24 INFO system.startup: Victurus logging system initialized
2025-09-02 23:56:24 DEBUG system.database: Player table columns: ['id', 'name', 'current_wallet_credits', 'current_player_system_id', 'current_player_ship_id', 'current_player_ship_fuel', 'current_player_ship_hull', 'current_player_ship_shield', 'current_player_ship_energy', 'current_player_ship_cargo', 'current_player_location_id', 'current_location_status', 'custom_ship_name', 'docked_bay']
2025-09-02 23:56:24 DEBUG system.database: docked_bay column already exists
2025-09-02 23:57:02 INFO system.save_manager: Loaded UI state from global config (MainWindow) at: C:\Users\dusti\Documents\Victurus_game\Config\ui_state.json
2025-09-02 23:57:02 DEBUG system.save_manager: Global MainWindow UI state keys: ['central_splitter_sizes', 'dock_layout', 'dock_order', 'dock_visibility', 'galaxy_category_index', 'galaxy_col_widths', 'galaxy_leader_color', 'galaxy_leader_glow', 'galaxy_leader_width', 'galaxy_list_visible', 'galaxy_search', 'galaxy_sort_text', 'main_geometry', 'main_state_b64', 'map_tab_index', 'open', 'system_category_index', 'system_col_widths', 'system_leader_color', 'system_leader_glow', 'system_leader_width', 'system_list_visible', 'system_search', 'system_sort_text']
2025-09-02 23:57:52 INFO system.startup: Victurus logging system initialized
2025-09-02 23:57:52 DEBUG system.database: Player table columns: ['id', 'name', 'current_wallet_credits', 'current_player_system_id', 'current_player_ship_id', 'current_player_ship_fuel', 'current_player_ship_hull', 'current_player_ship_shield', 'current_player_ship_energy', 'current_player_ship_cargo', 'current_player_location_id', 'current_location_status', 'custom_ship_name', 'docked_bay']
2025-09-02 23:57:52 DEBUG system.database: docked_bay column already exists
2025-09-02 23:57:56 INFO system.save_manager: Loaded UI state from global config (MainWindow) at: C:\Users\dusti\Documents\Victurus_game\Config\ui_state.json
2025-09-02 23:57:56 DEBUG system.save_manager: Global MainWindow UI state keys: ['central_splitter_sizes', 'dock_layout', 'dock_order', 'dock_visibility', 'galaxy_category_index', 'galaxy_col_widths', 'galaxy_leader_color', 'galaxy_leader_glow', 'galaxy_leader_width', 'galaxy_list_visible', 'galaxy_search', 'galaxy_sort_text', 'main_geometry', 'main_state_b64', 'map_tab_index', 'open', 'system_category_index', 'system_col_widths', 'system_leader_color', 'system_leader_glow', 'system_leader_width', 'system_list_visible', 'system_search', 'system_sort_text']
2025-09-02 23:59:16 INFO system.startup: Victurus logging system initialized
2025-09-02 23:59:16 DEBUG system.database: Player table columns: ['id', 'name', 'current_wallet_credits', 'current_player_system_id', 'current_player_ship_id', 'current_player_ship_fuel', 'current_player_ship_hull', 'current_player_ship_shield', 'current_player_ship_energy', 'current_player_ship_cargo', 'current_player_location_id', 'current_location_status', 'custom_ship_name', 'docked_bay']
2025-09-02 23:59:16 DEBUG system.database: docked_bay column already exists
2025-09-02 23:59:19 INFO system.save_manager: Loaded UI state from global config (MainWindow) at: C:\Users\dusti\Documents\Victurus_game\Config\ui_state.json
2025-09-02 23:59:19 DEBUG system.save_manager: Global MainWindow UI state keys: ['central_splitter_sizes', 'dock_layout', 'dock_order', 'dock_visibility', 'galaxy_category_index', 'galaxy_col_widths', 'galaxy_leader_color', 'galaxy_leader_glow', 'galaxy_leader_width', 'galaxy_list_visible', 'galaxy_search', 'galaxy_sort_text', 'main_geometry', 'main_state_b64', 'map_tab_index', 'open', 'system_category_index', 'system_col_widths', 'system_leader_color', 'system_leader_glow', 'system_leader_width', 'system_list_visible', 'system_search', 'system_sort_text']
2025-09-03 00:06:19 INFO system.startup: Victurus logging system initialized
2025-09-03 00:06:19 DEBUG system.database: Player table columns: ['id', 'name', 'current_wallet_credits', 'current_player_system_id', 'current_player_ship_id', 'current_player_ship_fuel', 'current_player_ship_hull', 'current_player_ship_shield', 'current_player_ship_energy', 'current_player_ship_cargo', 'current_player_location_id', 'current_location_status', 'custom_ship_name', 'docked_bay']
2025-09-03 00:06:19 DEBUG system.database: docked_bay column already exists
2025-09-03 00:07:15 INFO system.save_manager: Loaded UI state from global config (MainWindow) at: C:\Users\dusti\Documents\Victurus_game\Config\ui_state.json
2025-09-03 00:07:15 DEBUG system.save_manager: Global MainWindow UI state keys: ['central_splitter_sizes', 'dock_layout', 'dock_order', 'dock_visibility', 'galaxy_category_index', 'galaxy_col_widths', 'galaxy_leader_color', 'galaxy_leader_glow', 'galaxy_leader_width', 'galaxy_list_visible', 'galaxy_search', 'galaxy_sort_text', 'main_geometry', 'main_state_b64', 'map_tab_index', 'open', 'system_category_index', 'system_col_widths', 'system_leader_color', 'system_leader_glow', 'system_leader_width', 'system_list_visible', 'system_search', 'system_sort_text']
2025-09-03 00:16:46 INFO system.startup: Victurus logging system initialized
2025-09-03 00:16:46 DEBUG system.database: Player table columns: ['id', 'name', 'current_wallet_credits', 'current_player_system_id', 'current_player_ship_id', 'current_player_ship_fuel', 'current_player_ship_hull', 'current_player_ship_shield', 'current_player_ship_energy', 'current_player_ship_cargo', 'current_player_location_id', 'current_location_status', 'custom_ship_name', 'docked_bay']
2025-09-03 00:16:46 DEBUG system.database: docked_bay column already exists
2025-09-03 00:16:49 INFO system.save_manager: Loaded UI state from global config (MainWindow) at: C:\Users\dusti\Documents\Victurus_game\Config\ui_state.json
2025-09-03 00:16:49 DEBUG system.save_manager: Global MainWindow UI state keys: ['central_splitter_sizes', 'dock_layout', 'dock_order', 'dock_visibility', 'galaxy_category_index', 'galaxy_col_widths', 'galaxy_leader_color', 'galaxy_leader_glow', 'galaxy_leader_width', 'galaxy_list_visible', 'galaxy_search', 'galaxy_sort_text', 'main_geometry', 'main_state_b64', 'map_tab_index', 'open', 'system_category_index', 'system_col_widths', 'system_leader_color', 'system_leader_glow', 'system_leader_width', 'system_list_visible', 'system_search', 'system_sort_text']
2025-09-03 00:54:24 INFO system.startup: Victurus logging system initialized
2025-09-03 00:54:24 DEBUG system.database: Player table columns: ['id', 'name', 'current_wallet_credits', 'current_player_system_id', 'current_player_ship_id', 'current_player_ship_fuel', 'current_player_ship_hull', 'current_player_ship_shield', 'current_player_ship_energy', 'current_player_ship_cargo', 'current_player_location_id', 'current_location_status', 'custom_ship_name', 'docked_bay']
2025-09-03 00:54:24 DEBUG system.database: docked_bay column already exists
2025-09-03 00:54:27 INFO system.save_manager: Loaded UI state from global config (MainWindow) at: C:\Users\dusti\Documents\Victurus_game\Config\ui_state.json
2025-09-03 00:54:27 DEBUG system.save_manager: Global MainWindow UI state keys: ['central_splitter_sizes', 'dock_layout', 'dock_order', 'dock_visibility', 'galaxy_category_index', 'galaxy_col_widths', 'galaxy_leader_color', 'galaxy_leader_glow', 'galaxy_leader_width', 'galaxy_list_visible', 'galaxy_search', 'galaxy_sort_text', 'main_geometry', 'main_state_b64', 'map_tab_index', 'open', 'system_category_index', 'system_col_widths', 'system_leader_color', 'system_leader_glow', 'system_leader_width', 'system_list_visible', 'system_search', 'system_sort_text']
2025-09-03 00:59:13 INFO system.startup: Victurus logging system initialized
2025-09-03 00:59:13 DEBUG system.database: Player table columns: ['id', 'name', 'current_wallet_credits', 'current_player_system_id', 'current_player_ship_id', 'current_player_ship_fuel', 'current_player_ship_hull', 'current_player_ship_shield', 'current_player_ship_energy', 'current_player_ship_cargo', 'current_player_location_id', 'current_location_status', 'custom_ship_name', 'docked_bay']
2025-09-03 00:59:13 DEBUG system.database: docked_bay column already exists
2025-09-03 01:02:59 INFO system.startup: Victurus logging system initialized
2025-09-03 01:02:59 DEBUG system.database: Player table columns: ['id', 'name', 'current_wallet_credits', 'current_player_system_id', 'current_player_ship_id', 'current_player_ship_fuel', 'current_player_ship_hull', 'current_player_ship_shield', 'current_player_ship_energy', 'current_player_ship_cargo', 'current_player_location_id', 'current_location_status', 'custom_ship_name', 'docked_bay']
2025-09-03 01:02:59 DEBUG system.database: docked_bay column already exists
2025-09-03 01:03:02 INFO system.save_manager: Loaded UI state from global config (MainWindow) at: C:\Users\dusti\Documents\Victurus_game\Config\ui_state.json
2025-09-03 01:03:02 DEBUG system.save_manager: Global MainWindow UI state keys: ['central_splitter_sizes', 'dock_layout', 'dock_order', 'dock_visibility', 'galaxy_category_index', 'galaxy_col_widths', 'galaxy_leader_color', 'galaxy_leader_glow', 'galaxy_leader_width', 'galaxy_list_visible', 'galaxy_search', 'galaxy_sort_text', 'main_geometry', 'main_state_b64', 'map_tab_index', 'open', 'system_category_index', 'system_col_widths', 'system_leader_color', 'system_leader_glow', 'system_leader_width', 'system_list_visible', 'system_search', 'system_sort_text']
2025-09-03 01:11:57 INFO system.startup: Victurus logging system initialized
2025-09-03 01:11:57 DEBUG system.database: Player table columns: ['id', 'name', 'current_wallet_credits', 'current_player_system_id', 'current_player_ship_id', 'current_player_ship_fuel', 'current_player_ship_hull', 'current_player_ship_shield', 'current_player_ship_energy', 'current_player_ship_cargo', 'current_player_location_id', 'current_location_status', 'custom_ship_name', 'docked_bay']
2025-09-03 01:11:57 DEBUG system.database: docked_bay column already exists
2025-09-03 01:15:04 INFO system.startup: Victurus logging system initialized
2025-09-03 01:15:04 DEBUG system.database: Player table columns: ['id', 'name', 'current_wallet_credits', 'current_player_system_id', 'current_player_ship_id', 'current_player_ship_fuel', 'current_player_ship_hull', 'current_player_ship_shield', 'current_player_ship_energy', 'current_player_ship_cargo', 'current_player_location_id', 'current_location_status', 'custom_ship_name', 'docked_bay']
2025-09-03 01:15:04 DEBUG system.database: docked_bay column already exists
2025-09-03 01:17:26 INFO system.startup: Victurus logging system initialized
2025-09-03 01:17:26 DEBUG system.database: Player table columns: ['id', 'name', 'current_wallet_credits', 'current_player_system_id', 'current_player_ship_id', 'current_player_ship_fuel', 'current_player_ship_hull', 'current_player_ship_shield', 'current_player_ship_energy', 'current_player_ship_cargo', 'current_player_location_id', 'current_location_status', 'custom_ship_name', 'docked_bay']
2025-09-03 01:17:26 DEBUG system.database: docked_bay column already exists
2025-09-03 01:17:29 INFO system.save_manager: Loaded UI state from global config (MainWindow) at: C:\Users\dusti\Documents\Victurus_game\Config\ui_state.json
2025-09-03 01:17:29 DEBUG system.save_manager: Global MainWindow UI state keys: ['central_splitter_sizes', 'dock_layout', 'dock_order', 'dock_visibility', 'galaxy_category_index', 'galaxy_col_widths', 'galaxy_leader_color', 'galaxy_leader_glow', 'galaxy_leader_width', 'galaxy_list_visible', 'galaxy_search', 'galaxy_sort_text', 'main_geometry', 'main_state_b64', 'map_tab_index', 'open', 'system_category_index', 'system_col_widths', 'system_leader_color', 'system_leader_glow', 'system_leader_width', 'system_list_visible', 'system_search', 'system_sort_text']
2025-09-03 01:35:29 INFO system.startup: Victurus logging system initialized
2025-09-03 01:35:29 DEBUG system.database: Player table columns: ['id', 'name', 'current_wallet_credits', 'current_player_system_id', 'current_player_ship_id', 'current_player_ship_fuel', 'current_player_ship_hull', 'current_player_ship_shield', 'current_player_ship_energy', 'current_player_ship_cargo', 'current_player_location_id', 'current_location_status', 'custom_ship_name', 'docked_bay']
2025-09-03 01:35:29 DEBUG system.database: docked_bay column already exists
2025-09-03 01:35:32 INFO system.save_manager: Loaded UI state from global config (MainWindow) at: C:\Users\dusti\Documents\Victurus_game\Config\ui_state.json
2025-09-03 01:35:32 DEBUG system.save_manager: Global MainWindow UI state keys: ['central_splitter_sizes', 'dock_layout', 'dock_order', 'dock_visibility', 'galaxy_category_index', 'galaxy_col_widths', 'galaxy_leader_color', 'galaxy_leader_glow', 'galaxy_leader_width', 'galaxy_list_visible', 'galaxy_search', 'galaxy_sort_text', 'main_geometry', 'main_state_b64', 'map_tab_index', 'open', 'system_category_index', 'system_col_widths', 'system_leader_color', 'system_leader_glow', 'system_leader_width', 'system_list_visible', 'system_search', 'system_sort_text']
2025-09-03 01:40:23 INFO system.startup: Victurus logging system initialized
2025-09-03 01:40:23 DEBUG system.database: Player table columns: ['id', 'name', 'current_wallet_credits', 'current_player_system_id', 'current_player_ship_id', 'current_player_ship_fuel', 'current_player_ship_hull', 'current_player_ship_shield', 'current_player_ship_energy', 'current_player_ship_cargo', 'current_player_location_id', 'current_location_status', 'custom_ship_name', 'docked_bay']
2025-09-03 01:40:23 DEBUG system.database: docked_bay column already exists
2025-09-03 01:40:26 INFO system.save_manager: Loaded UI state from global config (MainWindow) at: C:\Users\dusti\Documents\Victurus_game\Config\ui_state.json
2025-09-03 01:40:26 DEBUG system.save_manager: Global MainWindow UI state keys: ['central_splitter_sizes', 'dock_layout', 'dock_order', 'dock_visibility', 'galaxy_category_index', 'galaxy_col_widths', 'galaxy_leader_color', 'galaxy_leader_glow', 'galaxy_leader_width', 'galaxy_list_visible', 'galaxy_search', 'galaxy_sort_text', 'main_geometry', 'main_state_b64', 'map_tab_index', 'open', 'system_category_index', 'system_col_widths', 'system_leader_color', 'system_leader_glow', 'system_leader_width', 'system_list_visible', 'system_search', 'system_sort_text']
2025-09-03 01:44:16 INFO system.startup: Victurus logging system initialized
2025-09-03 01:44:16 DEBUG system.database: Player table columns: ['id', 'name', 'current_wallet_credits', 'current_player_system_id', 'current_player_ship_id', 'current_player_ship_fuel', 'current_player_ship_hull', 'current_player_ship_shield', 'current_player_ship_energy', 'current_player_ship_cargo', 'current_player_location_id', 'current_location_status', 'custom_ship_name', 'docked_bay']
2025-09-03 01:44:16 DEBUG system.database: docked_bay column already exists
2025-09-03 01:44:19 INFO system.save_manager: Loaded UI state from global config (MainWindow) at: C:\Users\dusti\Documents\Victurus_game\Config\ui_state.json
2025-09-03 01:44:19 DEBUG system.save_manager: Global MainWindow UI state keys: ['central_splitter_sizes', 'dock_layout', 'dock_order', 'dock_visibility', 'galaxy_category_index', 'galaxy_col_widths', 'galaxy_leader_color', 'galaxy_leader_glow', 'galaxy_leader_width', 'galaxy_list_visible', 'galaxy_search', 'galaxy_sort_text', 'main_geometry', 'main_state_b64', 'map_tab_index', 'open', 'system_category_index', 'system_col_widths', 'system_leader_color', 'system_leader_glow', 'system_leader_width', 'system_list_visible', 'system_search', 'system_sort_text']
2025-09-03 01:50:28 INFO system.startup: Victurus logging system initialized
2025-09-03 01:50:28 DEBUG system.database: Player table columns: ['id', 'name', 'current_wallet_credits', 'current_player_system_id', 'current_player_ship_id', 'current_player_ship_fuel', 'current_player_ship_hull', 'current_player_ship_shield', 'current_player_ship_energy', 'current_player_ship_cargo', 'current_player_location_id', 'current_location_status', 'custom_ship_name', 'docked_bay']
2025-09-03 01:50:28 DEBUG system.database: docked_bay column already exists
2025-09-03 01:50:32 INFO system.save_manager: Loaded UI state from global config (MainWindow) at: C:\Users\dusti\Documents\Victurus_game\Config\ui_state.json
2025-09-03 01:50:32 DEBUG system.save_manager: Global MainWindow UI state keys: ['central_splitter_sizes', 'dock_layout', 'dock_order', 'dock_visibility', 'galaxy_category_index', 'galaxy_col_widths', 'galaxy_leader_color', 'galaxy_leader_glow', 'galaxy_leader_width', 'galaxy_list_visible', 'galaxy_search', 'galaxy_sort_text', 'main_geometry', 'main_state_b64', 'map_tab_index', 'open', 'system_category_index', 'system_col_widths', 'system_leader_color', 'system_leader_glow', 'system_leader_width', 'system_list_visible', 'system_search', 'system_sort_text']
2025-09-03 01:52:44 INFO system.startup: Victurus logging system initialized
2025-09-03 01:52:44 DEBUG system.database: Player table columns: ['id', 'name', 'current_wallet_credits', 'current_player_system_id', 'current_player_ship_id', 'current_player_ship_fuel', 'current_player_ship_hull', 'current_player_ship_shield', 'current_player_ship_energy', 'current_player_ship_cargo', 'current_player_location_id', 'current_location_status', 'custom_ship_name', 'docked_bay']
2025-09-03 01:52:44 DEBUG system.database: docked_bay column already exists
2025-09-03 01:52:46 INFO system.save_manager: Loaded UI state from global config (MainWindow) at: C:\Users\dusti\Documents\Victurus_game\Config\ui_state.json
2025-09-03 01:52:46 DEBUG system.save_manager: Global MainWindow UI state keys: ['central_splitter_sizes', 'dock_layout', 'dock_order', 'dock_visibility', 'galaxy_category_index', 'galaxy_col_widths', 'galaxy_leader_color', 'galaxy_leader_glow', 'galaxy_leader_width', 'galaxy_list_visible', 'galaxy_search', 'galaxy_sort_text', 'main_geometry', 'main_state_b64', 'map_tab_index', 'open', 'system_category_index', 'system_col_widths', 'system_leader_color', 'system_leader_glow', 'system_leader_width', 'system_list_visible', 'system_search', 'system_sort_text']
2025-09-03 02:01:50 INFO system.startup: Victurus logging system initialized
2025-09-03 02:01:50 DEBUG system.database: Player table columns: ['id', 'name', 'current_wallet_credits', 'current_player_system_id', 'current_player_ship_id', 'current_player_ship_fuel', 'current_player_ship_hull', 'current_player_ship_shield', 'current_player_ship_energy', 'current_player_ship_cargo', 'current_player_location_id', 'current_location_status', 'custom_ship_name', 'docked_bay']
2025-09-03 02:01:50 DEBUG system.database: docked_bay column already exists
2025-09-03 02:01:53 INFO system.save_manager: Loaded UI state from global config (MainWindow) at: C:\Users\dusti\Documents\Victurus_game\Config\ui_state.json
2025-09-03 02:01:53 DEBUG system.save_manager: Global MainWindow UI state keys: ['central_splitter_sizes', 'dock_layout', 'dock_order', 'dock_visibility', 'galaxy_category_index', 'galaxy_col_widths', 'galaxy_leader_color', 'galaxy_leader_glow', 'galaxy_leader_width', 'galaxy_list_visible', 'galaxy_search', 'galaxy_sort_text', 'main_geometry', 'main_state_b64', 'map_tab_index', 'open', 'system_category_index', 'system_col_widths', 'system_leader_color', 'system_leader_glow', 'system_leader_width', 'system_list_visible', 'system_search', 'system_sort_text']
2025-09-03 02:09:19 INFO system.startup: Victurus logging system initialized
2025-09-03 02:09:20 DEBUG system.database: Player table columns: ['id', 'name', 'current_wallet_credits', 'current_player_system_id', 'current_player_ship_id', 'current_player_ship_fuel', 'current_player_ship_hull', 'current_player_ship_shield', 'current_player_ship_energy', 'current_player_ship_cargo', 'current_player_location_id', 'current_location_status', 'custom_ship_name', 'docked_bay']
2025-09-03 02:09:20 DEBUG system.database: docked_bay column already exists
2025-09-03 02:09:22 INFO system.save_manager: Loaded UI state from global config (MainWindow) at: C:\Users\dusti\Documents\Victurus_game\Config\ui_state.json
2025-09-03 02:09:22 DEBUG system.save_manager: Global MainWindow UI state keys: ['central_splitter_sizes', 'dock_layout', 'dock_order', 'dock_visibility', 'galaxy_category_index', 'galaxy_col_widths', 'galaxy_leader_color', 'galaxy_leader_glow', 'galaxy_leader_width', 'galaxy_list_visible', 'galaxy_search', 'galaxy_sort_text', 'main_geometry', 'main_state_b64', 'map_tab_index', 'open', 'system_category_index', 'system_col_widths', 'system_leader_color', 'system_leader_glow', 'system_leader_width', 'system_list_visible', 'system_search', 'system_sort_text']
