2025-09-01 23:02:30 WARNING travel_visualization: Could not get positions: from_pos=None, to_pos=None
2025-09-01 23:02:30 WARNING travel_visualization: Could not get positions: from_pos=None, to_pos=None
2025-09-01 23:06:07 WARNING travel_visualization: Could not get positions: from_pos=None, to_pos=None
2025-09-01 23:06:07 WARNING travel_visualization: Could not get positions: from_pos=None, to_pos=None
2025-09-01 23:16:40 WARNING travel_visualization: Could not get positions: from_pos=None, to_pos=None
2025-09-01 23:16:40 WARNING travel_visualization: Could not get positions: from_pos=None, to_pos=None
2025-09-01 23:17:59 WARNING travel_visualization: Could not get positions: from_pos=None, to_pos=None
2025-09-01 23:17:59 WARNING travel_visualization: Could not get positions: from_pos=None, to_pos=None
2025-09-01 23:34:25 WARNING travel_visualization: Could not get positions: from_pos=None, to_pos=None
2025-09-01 23:34:25 WARNING travel_visualization: Could not get positions: from_pos=None, to_pos=None
2025-09-01 23:46:38 WARNING travel_visualization: Could not get positions: from_pos=None, to_pos=None
2025-09-01 23:46:38 WARNING travel_visualization: Failed to calculate cruise segment
2025-09-02 01:12:29 WARNING victurus.errors: System location item click: SystemLocationList._on_item_clicked() takes 2 positional arguments but 3 were given
2025-09-02 01:19:10 WARNING victurus.errors: System location item click: SystemLocationList._on_item_clicked() takes 2 positional arguments but 3 were given
2025-09-02 01:19:11 WARNING victurus.errors: System location item click: SystemLocationList._on_item_clicked() takes 2 positional arguments but 3 were given
2025-09-02 01:19:12 WARNING victurus.errors: System location item click: SystemLocationList._on_item_clicked() takes 2 positional arguments but 3 were given
2025-09-02 01:19:12 WARNING victurus.errors: System location item click: SystemLocationList._on_item_clicked() takes 2 positional arguments but 3 were given
2025-09-02 01:19:13 WARNING victurus.errors: System location item click: SystemLocationList._on_item_clicked() takes 2 positional arguments but 3 were given
2025-09-02 01:19:13 WARNING victurus.errors: System location item double click: SystemLocationList._on_item_double_clicked() takes 2 positional arguments but 3 were given
2025-09-02 01:19:14 WARNING victurus.errors: System location item click: SystemLocationList._on_item_clicked() takes 2 positional arguments but 3 were given
2025-09-02 01:19:15 WARNING victurus.errors: System location item click: SystemLocationList._on_item_clicked() takes 2 positional arguments but 3 were given
2025-09-02 01:19:18 WARNING victurus.errors: System location item click: SystemLocationList._on_item_clicked() takes 2 positional arguments but 3 were given
2025-09-02 01:19:19 WARNING victurus.errors: System location item click: SystemLocationList._on_item_clicked() takes 2 positional arguments but 3 were given
2025-09-02 01:19:19 WARNING victurus.errors: System location item double click: SystemLocationList._on_item_double_clicked() takes 2 positional arguments but 3 were given
2025-09-02 01:19:19 WARNING victurus.errors: System location item click: SystemLocationList._on_item_clicked() takes 2 positional arguments but 3 were given
2025-09-02 01:19:19 WARNING victurus.errors: System location item double click: SystemLocationList._on_item_double_clicked() takes 2 positional arguments but 3 were given
2025-09-02 01:19:20 WARNING victurus.errors: System location item click: SystemLocationList._on_item_clicked() takes 2 positional arguments but 3 were given
2025-09-02 01:19:21 WARNING victurus.errors: System location item click: SystemLocationList._on_item_clicked() takes 2 positional arguments but 3 were given
2025-09-02 01:19:23 WARNING victurus.errors: System location item click: SystemLocationList._on_item_clicked() takes 2 positional arguments but 3 were given
2025-09-02 01:19:23 WARNING victurus.errors: System location item click: SystemLocationList._on_item_clicked() takes 2 positional arguments but 3 were given
2025-09-02 01:19:24 WARNING victurus.errors: System location item click: SystemLocationList._on_item_clicked() takes 2 positional arguments but 3 were given
2025-09-02 01:19:24 WARNING victurus.errors: System location item click: SystemLocationList._on_item_clicked() takes 2 positional arguments but 3 were given
2025-09-02 01:21:15 WARNING victurus.errors: Galaxy system item click: GalaxySystemList._on_item_clicked() takes 2 positional arguments but 3 were given
2025-09-02 01:21:15 WARNING victurus.errors: Galaxy system item double click: GalaxySystemList._on_item_double_clicked() takes 2 positional arguments but 3 were given
2025-09-02 01:21:21 WARNING victurus.errors: Galaxy system item click: GalaxySystemList._on_item_clicked() takes 2 positional arguments but 3 were given
2025-09-02 01:21:21 WARNING victurus.errors: Galaxy system item double click: GalaxySystemList._on_item_double_clicked() takes 2 positional arguments but 3 were given
2025-09-02 01:21:22 WARNING victurus.errors: Galaxy system item click: GalaxySystemList._on_item_clicked() takes 2 positional arguments but 3 were given
2025-09-02 01:21:22 WARNING victurus.errors: Galaxy system item double click: GalaxySystemList._on_item_double_clicked() takes 2 positional arguments but 3 were given
2025-09-02 01:21:22 WARNING victurus.errors: Galaxy system item click: GalaxySystemList._on_item_clicked() takes 2 positional arguments but 3 were given
2025-09-02 01:21:22 WARNING victurus.errors: Galaxy system item double click: GalaxySystemList._on_item_double_clicked() takes 2 positional arguments but 3 were given
2025-09-02 01:21:23 WARNING victurus.errors: Galaxy system item click: GalaxySystemList._on_item_clicked() takes 2 positional arguments but 3 were given
2025-09-02 01:21:23 WARNING victurus.errors: Galaxy system item double click: GalaxySystemList._on_item_double_clicked() takes 2 positional arguments but 3 were given
2025-09-02 01:21:24 WARNING victurus.errors: System location item click: SystemLocationList._on_item_clicked() takes 2 positional arguments but 3 were given
2025-09-02 01:21:24 WARNING victurus.errors: System location item double click: SystemLocationList._on_item_double_clicked() takes 2 positional arguments but 3 were given
2025-09-02 01:21:24 WARNING victurus.errors: System location item click: SystemLocationList._on_item_clicked() takes 2 positional arguments but 3 were given
2025-09-02 01:21:39 WARNING victurus.errors: Galaxy system item click: GalaxySystemList._on_item_clicked() takes 2 positional arguments but 3 were given
2025-09-02 01:21:39 WARNING victurus.errors: Galaxy system item click: GalaxySystemList._on_item_clicked() takes 2 positional arguments but 3 were given
2025-09-02 01:21:40 WARNING victurus.errors: System location item click: SystemLocationList._on_item_clicked() takes 2 positional arguments but 3 were given
2025-09-02 01:21:40 WARNING victurus.errors: System location item double click: SystemLocationList._on_item_double_clicked() takes 2 positional arguments but 3 were given
